{"/Users/befantastic/my_repos/part4/tests/bloglist_data.js": {"path":"/Users/befantastic/my_repos/part4/tests/bloglist_data.js","statementMap":{"0":{"start":{"line":1,"column":14},"end":{"line":50,"column":1}},"1":{"start":{"line":51,"column":0},"end":{"line":53,"column":1}}},"fnMap":{},"branchMap":{},"s":{"0":1,"1":1},"f":{},"b":{},"_coverageSchema":"1a1c01bbd47fc00a2c39e90264f33305004495a9","hash":"00bcdef8c1128b2b43e32111118897d2e87de3d7"}
,"/Users/befantastic/my_repos/part4/utils/list_helper.js": {"path":"/Users/befantastic/my_repos/part4/utils/list_helper.js","statementMap":{"0":{"start":{"line":1,"column":8},"end":{"line":1,"column":25}},"1":{"start":{"line":2,"column":14},"end":{"line":4,"column":1}},"2":{"start":{"line":3,"column":4},"end":{"line":3,"column":12}},"3":{"start":{"line":7,"column":21},"end":{"line":17,"column":1}},"4":{"start":{"line":8,"column":20},"end":{"line":8,"column":62}},"5":{"start":{"line":8,"column":50},"end":{"line":8,"column":60}},"6":{"start":{"line":10,"column":26},"end":{"line":10,"column":70}},"7":{"start":{"line":10,"column":45},"end":{"line":10,"column":69}},"8":{"start":{"line":12,"column":4},"end":{"line":12,"column":29}},"9":{"start":{"line":13,"column":4},"end":{"line":13,"column":29}},"10":{"start":{"line":14,"column":4},"end":{"line":14,"column":28}},"11":{"start":{"line":16,"column":4},"end":{"line":16,"column":24}},"12":{"start":{"line":20,"column":19},"end":{"line":26,"column":1}},"13":{"start":{"line":21,"column":21},"end":{"line":21,"column":52}},"14":{"start":{"line":21,"column":40},"end":{"line":21,"column":51}},"15":{"start":{"line":22,"column":20},"end":{"line":24,"column":5}},"16":{"start":{"line":23,"column":8},"end":{"line":23,"column":25}},"17":{"start":{"line":25,"column":4},"end":{"line":25,"column":40}},"18":{"start":{"line":29,"column":18},"end":{"line":37,"column":1}},"19":{"start":{"line":31,"column":22},"end":{"line":31,"column":48}},"20":{"start":{"line":34,"column":21},"end":{"line":34,"column":112}},"21":{"start":{"line":34,"column":66},"end":{"line":34,"column":111}},"22":{"start":{"line":35,"column":16},"end":{"line":35,"column":53}},"23":{"start":{"line":36,"column":4},"end":{"line":36,"column":43}},"24":{"start":{"line":40,"column":18},"end":{"line":54,"column":1}},"25":{"start":{"line":41,"column":24},"end":{"line":47,"column":16}},"26":{"start":{"line":43,"column":29},"end":{"line":46,"column":9}},"27":{"start":{"line":49,"column":22},"end":{"line":49,"column":93}},"28":{"start":{"line":49,"column":74},"end":{"line":49,"column":89}},"29":{"start":{"line":51,"column":25},"end":{"line":51,"column":75}},"30":{"start":{"line":51,"column":50},"end":{"line":51,"column":74}},"31":{"start":{"line":52,"column":4},"end":{"line":52,"column":23}},"32":{"start":{"line":56,"column":0},"end":{"line":62,"column":1}}},"fnMap":{"0":{"name":"(anonymous_0)","decl":{"start":{"line":2,"column":14},"end":{"line":2,"column":15}},"loc":{"start":{"line":2,"column":25},"end":{"line":4,"column":1}},"line":2},"1":{"name":"(anonymous_1)","decl":{"start":{"line":7,"column":21},"end":{"line":7,"column":22}},"loc":{"start":{"line":7,"column":32},"end":{"line":17,"column":1}},"line":7},"2":{"name":"(anonymous_2)","decl":{"start":{"line":8,"column":42},"end":{"line":8,"column":43}},"loc":{"start":{"line":8,"column":50},"end":{"line":8,"column":60}},"line":8},"3":{"name":"(anonymous_3)","decl":{"start":{"line":10,"column":37},"end":{"line":10,"column":38}},"loc":{"start":{"line":10,"column":45},"end":{"line":10,"column":69}},"line":10},"4":{"name":"(anonymous_4)","decl":{"start":{"line":20,"column":19},"end":{"line":20,"column":20}},"loc":{"start":{"line":20,"column":30},"end":{"line":26,"column":1}},"line":20},"5":{"name":"(anonymous_5)","decl":{"start":{"line":21,"column":31},"end":{"line":21,"column":32}},"loc":{"start":{"line":21,"column":40},"end":{"line":21,"column":51}},"line":21},"6":{"name":"(anonymous_6)","decl":{"start":{"line":22,"column":20},"end":{"line":22,"column":21}},"loc":{"start":{"line":22,"column":35},"end":{"line":24,"column":5}},"line":22},"7":{"name":"(anonymous_7)","decl":{"start":{"line":29,"column":18},"end":{"line":29,"column":19}},"loc":{"start":{"line":29,"column":29},"end":{"line":37,"column":1}},"line":29},"8":{"name":"(anonymous_8)","decl":{"start":{"line":34,"column":51},"end":{"line":34,"column":52}},"loc":{"start":{"line":34,"column":66},"end":{"line":34,"column":111}},"line":34},"9":{"name":"(anonymous_9)","decl":{"start":{"line":40,"column":18},"end":{"line":40,"column":19}},"loc":{"start":{"line":40,"column":29},"end":{"line":54,"column":1}},"line":40},"10":{"name":"(anonymous_10)","decl":{"start":{"line":43,"column":13},"end":{"line":43,"column":14}},"loc":{"start":{"line":43,"column":29},"end":{"line":46,"column":9}},"line":43},"11":{"name":"(anonymous_11)","decl":{"start":{"line":49,"column":59},"end":{"line":49,"column":60}},"loc":{"start":{"line":49,"column":72},"end":{"line":49,"column":91}},"line":49},"12":{"name":"(anonymous_12)","decl":{"start":{"line":51,"column":42},"end":{"line":51,"column":43}},"loc":{"start":{"line":51,"column":50},"end":{"line":51,"column":74}},"line":51}},"branchMap":{"0":{"loc":{"start":{"line":34,"column":66},"end":{"line":34,"column":111}},"type":"cond-expr","locations":[{"start":{"line":34,"column":101},"end":{"line":34,"column":105}},{"start":{"line":34,"column":108},"end":{"line":34,"column":111}}],"line":34}},"s":{"0":1,"1":1,"2":1,"3":1,"4":1,"5":6,"6":1,"7":3,"8":1,"9":1,"10":1,"11":1,"12":1,"13":1,"14":6,"15":1,"16":6,"17":1,"18":1,"19":1,"20":1,"21":2,"22":1,"23":1,"24":1,"25":1,"26":3,"27":1,"28":3,"29":1,"30":2,"31":1,"32":1},"f":{"0":1,"1":1,"2":6,"3":3,"4":1,"5":6,"6":6,"7":1,"8":2,"9":1,"10":3,"11":3,"12":2},"b":{"0":[0,2]},"_coverageSchema":"1a1c01bbd47fc00a2c39e90264f33305004495a9","hash":"a9ecbeb1982d03b83e755f149c275c2c092936a3"}
}
