TN:
SF:tests/bloglist_data.js
FNF:0
FNH:0
DA:1,1
DA:51,1
LF:2
LH:2
BRF:0
BRH:0
end_of_record
TN:
SF:utils/list_helper.js
FN:2,(anonymous_0)
FN:7,(anonymous_1)
FN:8,(anonymous_2)
FN:10,(anonymous_3)
FN:20,(anonymous_4)
FN:21,(anonymous_5)
FN:22,(anonymous_6)
FN:29,(anonymous_7)
FN:34,(anonymous_8)
FN:40,(anonymous_9)
FN:43,(anonymous_10)
FN:49,(anonymous_11)
FN:51,(anonymous_12)
FNF:13
FNH:13
FNDA:1,(anonymous_0)
FNDA:1,(anonymous_1)
FNDA:6,(anonymous_2)
FNDA:3,(anonymous_3)
FNDA:1,(anonymous_4)
FNDA:6,(anonymous_5)
FNDA:6,(anonymous_6)
FNDA:1,(anonymous_7)
FNDA:2,(anonymous_8)
FNDA:1,(anonymous_9)
FNDA:3,(anonymous_10)
FNDA:3,(anonymous_11)
FNDA:2,(anonymous_12)
DA:1,1
DA:2,1
DA:3,1
DA:7,1
DA:8,6
DA:10,3
DA:12,1
DA:13,1
DA:14,1
DA:16,1
DA:20,1
DA:21,6
DA:22,1
DA:23,6
DA:25,1
DA:29,1
DA:31,1
DA:34,2
DA:35,1
DA:36,1
DA:40,1
DA:41,1
DA:43,3
DA:49,3
DA:51,2
DA:52,1
DA:56,1
LF:27
LH:27
BRDA:34,0,0,0
BRDA:34,0,1,2
BRF:2
BRH:1
end_of_record
